<?xml version="1.0" encoding="UTF-8"?>
<testsuite name="maria.belyaeva.qa.PointsTests" tests="1" skipped="0" failures="0" errors="0" timestamp="2018-10-07T12:27:49" hostname="localhost.local" time="0.01">
  <properties/>
  <testcase name="testDistance" classname="maria.belyaeva.qa.PointsTests" time="0.01"/>
  <system-out><![CDATA[]]></system-out>
  <system-err><![CDATA[]]></system-err>
</testsuite>
