<?xml version="1.0" encoding="UTF-8"?>
<testsuite name="maria.belyaeva.qa.addressbook.tests.GroupCreationTests" tests="3" skipped="0" failures="0" errors="0" timestamp="2018-09-15T09:24:47" hostname="Marias-MBP" time="6.765">
  <properties/>
  <testcase name="testGroupCreation[0](GroupData{name='test 0', id='2147483647'})" classname="maria.belyaeva.qa.addressbook.tests.GroupCreationTests" time="2.832"/>
  <testcase name="testGroupCreation[1](GroupData{name='test 1', id='2147483647'})" classname="maria.belyaeva.qa.addressbook.tests.GroupCreationTests" time="1.996"/>
  <testcase name="testGroupCreation[2](GroupData{name='test 2', id='2147483647'})" classname="maria.belyaeva.qa.addressbook.tests.GroupCreationTests" time="1.937"/>
  <system-out><![CDATA[]]></system-out>
  <system-err><![CDATA[]]></system-err>
</testsuite>
